{
  message: 'database connection established',
  level: 'info',
  label: 'right meow!',
  timestamp: '2023-06-02T19:01:25.047Z'
}
{
  message: 'Example app listening on port 5000',
  level: 'info',
  label: 'right meow!',
  timestamp: '2023-06-02T19:01:25.056Z'
}
{
  message: 'database connection established',
  level: 'info',
  label: 'right meow!',
  timestamp: '2023-06-02T19:01:33.824Z'
}
{
  message: 'Example app listening on port 5000',
  level: 'info',
  label: 'right meow!',
  timestamp: '2023-06-02T19:01:33.830Z'
}
{
  message: 'database connection established',
  level: 'info',
  label: 'right meow!',
  timestamp: '2023-06-02T19:01:40.906Z'
}
{
  message: 'Example app listening on port 5000',
  level: 'info',
  label: 'right meow!',
  timestamp: '2023-06-02T19:01:40.912Z'
}
{
  message: 'database connection established',
  level: 'info',
  label: 'right meow!',
  timestamp: '2023-06-02T19:02:11.112Z'
}
{
  message: 'Example app listening on port 5000',
  level: 'info',
  label: 'right meow!',
  timestamp: '2023-06-02T19:02:11.118Z'
}
{
  message: 'database connection established',
  level: 'info',
  label: 'right meow!',
  timestamp: '2023-06-02T19:02:15.008Z'
}
{
  message: 'Example app listening on port 5000',
  level: 'info',
  label: 'right meow!',
  timestamp: '2023-06-02T19:02:15.015Z'
}
{
  message: 'database connection established',
  level: 'info',
  label: 'right meow!',
  timestamp: '2023-06-02T19:02:31.144Z'
}
{
  message: 'Example app listening on port 5000',
  level: 'info',
  label: 'right meow!',
  timestamp: '2023-06-02T19:02:31.151Z'
}
{
  message: 'database connection established',
  level: 'info',
  label: 'right meow!',
  timestamp: '2023-06-02T19:02:41.144Z'
}
{
  message: 'Example app listening on port 5000',
  level: 'info',
  label: 'right meow!',
  timestamp: '2023-06-02T19:02:41.151Z'
}
{
  message: 'database connection established',
  level: 'info',
  label: 'right meow!',
  timestamp: '2023-06-02T19:02:59.682Z'
}
{
  message: 'Example app listening on port 5000',
  level: 'info',
  label: 'right meow!',
  timestamp: '2023-06-02T19:02:59.693Z'
}
{
  message: 'database connection established',
  level: 'info',
  label: 'right meow!',
  timestamp: '2023-06-02T19:03:06.876Z'
}
{
  message: 'Example app listening on port 5000',
  level: 'info',
  label: 'right meow!',
  timestamp: '2023-06-02T19:03:06.887Z'
}
{
  message: 'database connection established',
  level: 'info',
  label: 'right meow!',
  timestamp: '2023-06-02T19:03:23.537Z'
}
{
  message: 'Example app listening on port 5000',
  level: 'info',
  label: 'right meow!',
  timestamp: '2023-06-02T19:03:23.543Z'
}
{
  message: 'database connection established',
  level: 'info',
  label: 'right meow!',
  timestamp: '2023-06-02T19:03:29.441Z'
}
{
  message: 'Example app listening on port 5000',
  level: 'info',
  label: 'right meow!',
  timestamp: '2023-06-02T19:03:29.457Z'
}
{
  message: 'database connection established',
  level: 'info',
  label: 'right meow!',
  timestamp: '2023-06-02T19:03:34.866Z'
}
{
  message: 'Example app listening on port 5000',
  level: 'info',
  label: 'right meow!',
  timestamp: '2023-06-02T19:03:34.872Z'
}
{
  message: 'database connection established',
  level: 'info',
  label: 'right meow!',
  timestamp: '2023-06-02T19:03:40.166Z'
}
{
  message: 'Example app listening on port 5000',
  level: 'info',
  label: 'right meow!',
  timestamp: '2023-06-02T19:03:40.180Z'
}
{
  message: 'database connection established',
  level: 'info',
  label: 'right meow!',
  timestamp: '2023-06-02T19:03:44.337Z'
}
{
  message: 'Example app listening on port 5000',
  level: 'info',
  label: 'right meow!',
  timestamp: '2023-06-02T19:03:44.344Z'
}
{
  message: 'database connection established',
  level: 'info',
  label: 'right meow!',
  timestamp: '2023-06-02T19:03:48.037Z'
}
{
  message: 'Example app listening on port 5000',
  level: 'info',
  label: 'right meow!',
  timestamp: '2023-06-02T19:03:48.051Z'
}
{
  message: 'database connection established',
  level: 'info',
  label: 'right meow!',
  timestamp: '2023-06-02T19:05:02.199Z'
}
{
  message: 'Example app listening on port 5000',
  level: 'info',
  label: 'right meow!',
  timestamp: '2023-06-02T19:05:02.205Z'
}
{
  message: 'database connection established',
  level: 'info',
  label: 'right meow!',
  timestamp: '2023-06-02T19:05:21.974Z'
}
{
  message: 'Example app listening on port 5000',
  level: 'info',
  label: 'right meow!',
  timestamp: '2023-06-02T19:05:21.980Z'
}
{
  message: 'database connection established',
  level: 'info',
  label: 'right meow!',
  timestamp: '2023-06-02T19:05:27.977Z'
}
{
  message: 'Example app listening on port 5000',
  level: 'info',
  label: 'right meow!',
  timestamp: '2023-06-02T19:05:27.984Z'
}
{
  message: 'database connection established',
  level: 'info',
  label: 'right meow!',
  timestamp: '2023-06-02T19:07:22.684Z'
}
{
  message: 'Example app listening on port 5000',
  level: 'info',
  label: 'right meow!',
  timestamp: '2023-06-02T19:07:22.692Z'
}
{
  message: 'database connection established',
  level: 'info',
  label: 'right meow!',
  timestamp: '2023-06-02T19:07:27.224Z'
}
{
  message: 'Example app listening on port 5000',
  level: 'info',
  label: 'right meow!',
  timestamp: '2023-06-02T19:07:27.230Z'
}
{
  message: 'database connection established',
  level: 'info',
  label: 'right meow!',
  timestamp: '2023-06-02T19:12:52.872Z'
}
{
  message: 'Example app listening on port 5000',
  level: 'info',
  label: 'right meow!',
  timestamp: '2023-06-02T19:12:52.883Z'
}
{
  message: 'database connection established',
  level: 'info',
  label: 'right meow!',
  timestamp: '2023-06-02T19:13:08.805Z'
}
{
  message: 'Example app listening on port 5000',
  level: 'info',
  label: 'right meow!',
  timestamp: '2023-06-02T19:13:08.816Z'
}
{
  message: 'database connection established',
  level: 'info',
  label: 'right meow!',
  timestamp: '2023-06-02T19:13:17.877Z'
}
{
  message: 'Example app listening on port 5000',
  level: 'info',
  label: 'right meow!',
  timestamp: '2023-06-02T19:13:17.883Z'
}
{
  message: 'database connection established',
  level: 'info',
  label: 'right meow!',
  timestamp: '2023-06-02T19:16:48.263Z'
}
{
  message: 'Example app listening on port 5000',
  level: 'info',
  label: 'right meow!',
  timestamp: '2023-06-02T19:16:48.269Z'
}
{
  message: 'database connection established',
  level: 'info',
  label: 'right meow!',
  timestamp: '2023-06-02T19:16:57.112Z'
}
{
  message: 'Example app listening on port 5000',
  level: 'info',
  label: 'right meow!',
  timestamp: '2023-06-02T19:16:57.119Z'
}
{
  message: 'database connection established',
  level: 'info',
  label: 'right meow!',
  timestamp: '2023-06-02T19:17:01.639Z'
}
{
  message: 'Example app listening on port 5000',
  level: 'info',
  label: 'right meow!',
  timestamp: '2023-06-02T19:17:01.646Z'
}
{
  message: 'database connection established',
  level: 'info',
  label: 'right meow!',
  timestamp: '2023-06-02T19:17:10.900Z'
}
{
  message: 'Example app listening on port 5000',
  level: 'info',
  label: 'right meow!',
  timestamp: '2023-06-02T19:17:10.907Z'
}
{
  message: 'database connection established',
  level: 'info',
  label: 'right meow!',
  timestamp: '2023-06-02T19:17:17.362Z'
}
{
  message: 'Example app listening on port 5000',
  level: 'info',
  label: 'right meow!',
  timestamp: '2023-06-02T19:17:17.370Z'
}
{
  message: 'database connection established',
  level: 'info',
  label: 'right meow!',
  timestamp: '2023-06-02T19:18:28.186Z'
}
{
  message: 'Example app listening on port 5000',
  level: 'info',
  label: 'right meow!',
  timestamp: '2023-06-02T19:18:28.195Z'
}
{
  message: 'database connection established',
  level: 'info',
  label: 'right meow!',
  timestamp: '2023-06-02T19:19:19.895Z'
}
{
  message: 'Example app listening on port 5000',
  level: 'info',
  label: 'right meow!',
  timestamp: '2023-06-02T19:19:19.904Z'
}
