{
  message: 'database connection established',
  level: 'info',
  label: 'right meow!',
  timestamp: '2023-06-17T05:08:01.233Z'
}
{
  message: 'Example app listening on port 5000',
  level: 'info',
  label: 'right meow!',
  timestamp: '2023-06-17T05:08:01.248Z'
}
{
  message: 'database connection established',
  level: 'info',
  label: 'right meow!',
  timestamp: '2023-06-17T05:11:35.077Z'
}
{
  message: 'Example app listening on port 5000',
  level: 'info',
  label: 'right meow!',
  timestamp: '2023-06-17T05:11:35.085Z'
}
{
  message: 'database connection established',
  level: 'info',
  label: 'right meow!',
  timestamp: '2023-06-17T05:11:42.902Z'
}
{
  message: 'Example app listening on port 5000',
  level: 'info',
  label: 'right meow!',
  timestamp: '2023-06-17T05:11:42.921Z'
}
{
  message: 'database connection established',
  level: 'info',
  label: 'right meow!',
  timestamp: '2023-06-17T05:12:01.239Z'
}
{
  message: 'Example app listening on port 5000',
  level: 'info',
  label: 'right meow!',
  timestamp: '2023-06-17T05:12:01.249Z'
}
{
  message: 'database connection established',
  level: 'info',
  label: 'right meow!',
  timestamp: '2023-06-17T05:12:34.937Z'
}
{
  message: 'Example app listening on port 5000',
  level: 'info',
  label: 'right meow!',
  timestamp: '2023-06-17T05:12:34.950Z'
}
{
  message: 'database connection established',
  level: 'info',
  label: 'right meow!',
  timestamp: '2023-06-17T05:13:00.589Z'
}
{
  message: 'Example app listening on port 5000',
  level: 'info',
  label: 'right meow!',
  timestamp: '2023-06-17T05:13:00.596Z'
}
{
  message: 'database connection established',
  level: 'info',
  label: 'right meow!',
  timestamp: '2023-06-17T05:13:21.527Z'
}
{
  message: 'Example app listening on port 5000',
  level: 'info',
  label: 'right meow!',
  timestamp: '2023-06-17T05:13:21.535Z'
}
{
  message: 'database connection established',
  level: 'info',
  label: 'right meow!',
  timestamp: '2023-06-17T05:13:26.171Z'
}
{
  message: 'Example app listening on port 5000',
  level: 'info',
  label: 'right meow!',
  timestamp: '2023-06-17T05:13:26.181Z'
}
{
  message: 'database connection established',
  level: 'info',
  label: 'right meow!',
  timestamp: '2023-06-17T05:13:50.701Z'
}
{
  message: 'Example app listening on port 5000',
  level: 'info',
  label: 'right meow!',
  timestamp: '2023-06-17T05:13:50.715Z'
}
{
  message: 'database connection established',
  level: 'info',
  label: 'right meow!',
  timestamp: '2023-06-17T05:15:03.183Z'
}
{
  message: 'Example app listening on port 5000',
  level: 'info',
  label: 'right meow!',
  timestamp: '2023-06-17T05:15:03.199Z'
}
{
  message: 'database connection established',
  level: 'info',
  label: 'right meow!',
  timestamp: '2023-06-17T05:16:46.631Z'
}
{
  message: 'Example app listening on port 5000',
  level: 'info',
  label: 'right meow!',
  timestamp: '2023-06-17T05:16:46.640Z'
}
{
  message: 'database connection established',
  level: 'info',
  label: 'right meow!',
  timestamp: '2023-06-17T05:17:34.149Z'
}
{
  message: 'Example app listening on port 5000',
  level: 'info',
  label: 'right meow!',
  timestamp: '2023-06-17T05:17:34.159Z'
}
{
  message: 'database connection established',
  level: 'info',
  label: 'right meow!',
  timestamp: '2023-06-17T05:17:39.851Z'
}
{
  message: 'Example app listening on port 5000',
  level: 'info',
  label: 'right meow!',
  timestamp: '2023-06-17T05:17:39.859Z'
}
{
  message: 'database connection established',
  level: 'info',
  label: 'right meow!',
  timestamp: '2023-06-17T05:17:58.339Z'
}
{
  message: 'Example app listening on port 5000',
  level: 'info',
  label: 'right meow!',
  timestamp: '2023-06-17T05:17:58.347Z'
}
{
  message: 'database connection established',
  level: 'info',
  label: 'right meow!',
  timestamp: '2023-06-17T05:18:07.050Z'
}
{
  message: 'Example app listening on port 5000',
  level: 'info',
  label: 'right meow!',
  timestamp: '2023-06-17T05:18:07.062Z'
}
